2026-07-18 15:15:34,401 [INFO] Loading intents.json
2026-07-18 15:15:34,404 [INFO] Dataset: 46 examples, 11 intents: ['goodbye', 'greeting', 'help', 'kaggle', 'learning_path', 'libraries', 'math_requirements', 'ml_vs_ds', 'python_or_r', 'thanks', 'what_is_ds']
2026-07-18 15:15:34,404 [INFO] Vocabulary size (unique stems): 90
2026-07-18 15:15:34,409 [INFO] Hyperparameters: epochs=1000, batch_size=8, lr=0.001, input_size=90, hidden_size=8, output_size=11
2026-07-18 15:15:34,443 [INFO] Device for training: cuda
2026-07-18 15:15:37,449 [INFO] Starting training
2026-07-18 15:15:37,651 [INFO] Epoch [1/1000], loss: 2.4189, best_loss: 2.4189
2026-07-18 15:15:38,661 [INFO] Epoch [50/1000], loss: 1.9305, best_loss: 1.9305
2026-07-18 15:15:39,606 [INFO] Epoch [100/1000], loss: 1.0715, best_loss: 1.0715
2026-07-18 15:15:40,552 [INFO] Epoch [150/1000], loss: 0.9191, best_loss: 0.6767
2026-07-18 15:15:41,476 [INFO] Epoch [200/1000], loss: 0.5366, best_loss: 0.5261
2026-07-18 15:15:42,403 [INFO] Epoch [250/1000], loss: 0.5398, best_loss: 0.3365
2026-07-18 15:15:43,373 [INFO] Epoch [300/1000], loss: 0.5574, best_loss: 0.3017
2026-07-18 15:15:44,305 [INFO] Epoch [350/1000], loss: 0.4122, best_loss: 0.2281
2026-07-18 15:15:45,226 [INFO] Epoch [400/1000], loss: 0.4291, best_loss: 0.2258
2026-07-18 15:15:46,169 [INFO] Epoch [450/1000], loss: 0.2162, best_loss: 0.2031
2026-07-18 15:15:47,102 [INFO] Epoch [500/1000], loss: 0.2589, best_loss: 0.1479
2026-07-18 15:15:48,019 [INFO] Epoch [550/1000], loss: 0.2614, best_loss: 0.1056
2026-07-18 15:15:48,960 [INFO] Epoch [600/1000], loss: 0.3522, best_loss: 0.1056
2026-07-18 15:15:49,899 [INFO] Epoch [650/1000], loss: 0.1654, best_loss: 0.1056
2026-07-18 15:15:50,827 [INFO] Epoch [700/1000], loss: 0.3711, best_loss: 0.0817
2026-07-18 15:15:51,766 [INFO] Epoch [750/1000], loss: 0.2056, best_loss: 0.0817
2026-07-18 15:15:52,770 [INFO] Epoch [800/1000], loss: 0.2405, best_loss: 0.0817
2026-07-18 15:15:53,704 [INFO] Epoch [850/1000], loss: 0.1809, best_loss: 0.0817
2026-07-18 15:15:54,635 [INFO] Epoch [900/1000], loss: 0.2008, best_loss: 0.0531
2026-07-18 15:15:55,574 [INFO] Epoch [950/1000], loss: 0.4297, best_loss: 0.0531
2026-07-18 15:15:56,530 [INFO] Epoch [1000/1000], loss: 0.2068, best_loss: 0.0531
2026-07-18 15:15:56,530 [INFO] Training completed. Final loss: 0.2068
2026-07-18 15:15:56,538 [INFO] Model saved to file data.pth
